# JRE version: OpenJDK Runtime Environment (8.0_222-b10) (build 1.8.0_222-8u222-b10-1ubuntu1~16.04.1-b10)
# Java VM: OpenJDK 64-Bit Server VM (25.222-b10 mixed mode linux-amd64 compressed oops)
Heap:
 def new generation   total 74432K, used 0K [0x00000000c0000000, 0x00000000c50c0000, 0x00000000d5550000)
  eden space 66176K,   0% used [0x00000000c0000000, 0x00000000c0000000, 0x00000000c40a0000)
  from space 8256K,   0% used [0x00000000c40a0000, 0x00000000c40a0000, 0x00000000c48b0000)
  to   space 8256K,   0% used [0x00000000c48b0000, 0x00000000c48b0000, 0x00000000c50c0000)
 tenured generation   total 203532K, used 179711K [0x00000000d5550000, 0x00000000e1c13000, 0x0000000100000000)
   the space 203532K,  88% used [0x00000000d5550000, 0x00000000e04cffd0, 0x00000000e04d0000, 0x00000000e1c13000)
 Metaspace       used 79050K, capacity 81521K, committed 81880K, reserved 1120256K
  class space    used 11060K, capacity 11361K, committed 11480K, reserved 1048576K
GC Heap History (10 events):
Event: 782.520 GC heap after
Heap after GC invocations=367 (full 16):
 def new generation   total 74432K, used 5368K [0x00000000c0000000, 0x00000000c50c0000, 0x00000000d5550000)
  eden space 66176K,   0% used [0x00000000c0000000, 0x00000000c0000000, 0x00000000c40a0000)
  from space 8256K,  65% used [0x00000000c48b0000, 0x00000000c4dee3f8, 0x00000000c50c0000)
  to   space 8256K,   0% used [0x00000000c40a0000, 0x00000000c40a0000, 0x00000000c48b0000)
 tenured generation   total 165324K, used 51386K [0x00000000d5550000, 0x00000000df6c3000, 0x0000000100000000)
   the space 165324K,  31% used [0x00000000d5550000, 0x00000000d877eae8, 0x00000000d877ec00, 0x00000000df6c3000)
 Metaspace       used 79050K, capacity 81521K, committed 81880K, reserved 1120256K
  class space    used 11060K, capacity 11361K, committed 11480K, reserved 1048576K
}
Event: 782.537 GC heap before
{Heap before GC invocations=367 (full 16):
 def new generation   total 74432K, used 66565K [0x00000000c0000000, 0x00000000c50c0000, 0x00000000d5550000)
  eden space 66176K,  92% used [0x00000000c0000000, 0x00000000c3bc3098, 0x00000000c40a0000)
  from space 8256K,  65% used [0x00000000c48b0000, 0x00000000c4dee3f8, 0x00000000c50c0000)
  to   space 8256K,   0% used [0x00000000c40a0000, 0x00000000c40a0000, 0x00000000c48b0000)
 tenured generation   total 165324K, used 51386K [0x00000000d5550000, 0x00000000df6c3000, 0x0000000100000000)
   the space 165324K,  31% used [0x00000000d5550000, 0x00000000d877eae8, 0x00000000d877ec00, 0x00000000df6c3000)
 Metaspace       used 79050K, capacity 81521K, committed 81880K, reserved 1120256K
  class space    used 11060K, capacity 11361K, committed 11480K, reserved 1048576K
Event: 782.548 GC heap after
Heap after GC invocations=368 (full 16):
 def new generation   total 74432K, used 8255K [0x00000000c0000000, 0x00000000c50c0000, 0x00000000d5550000)
  eden space 66176K,   0% used [0x00000000c0000000, 0x00000000c0000000, 0x00000000c40a0000)
  from space 8256K,  99% used [0x00000000c40a0000, 0x00000000c48afff8, 0x00000000c48b0000)
  to   space 8256K,   0% used [0x00000000c48b0000, 0x00000000c48b0000, 0x00000000c50c0000)
 tenured generation   total 165324K, used 66320K [0x00000000d5550000, 0x00000000df6c3000, 0x0000000100000000)
   the space 165324K,  40% used [0x00000000d5550000, 0x00000000d9614080, 0x00000000d9614200, 0x00000000df6c3000)
 Metaspace       used 79050K, capacity 81521K, committed 81880K, reserved 1120256K
  class space    used 11060K, capacity 11361K, committed 11480K, reserved 1048576K
}
Event: 782.580 GC heap before
{Heap before GC invocations=368 (full 16):
 def new generation   total 74432K, used 74431K [0x00000000c0000000, 0x00000000c50c0000, 0x00000000d5550000)
  eden space 66176K, 100% used [0x00000000c0000000, 0x00000000c40a0000, 0x00000000c40a0000)
  from space 8256K,  99% used [0x00000000c40a0000, 0x00000000c48afff8, 0x00000000c48b0000)
  to   space 8256K,   0% used [0x00000000c48b0000, 0x00000000c48b0000, 0x00000000c50c0000)
 tenured generation   total 165324K, used 66320K [0x00000000d5550000, 0x00000000df6c3000, 0x0000000100000000)
   the space 165324K,  40% used [0x00000000d5550000, 0x00000000d9614080, 0x00000000d9614200, 0x00000000df6c3000)
 Metaspace       used 79050K, capacity 81521K, committed 81880K, reserved 1120256K
  class space    used 11060K, capacity 11361K, committed 11480K, reserved 1048576K
Event: 782.597 GC heap after
Heap after GC invocations=369 (full 16):
 def new generation   total 74432K, used 8256K [0x00000000c0000000, 0x00000000c50c0000, 0x00000000d5550000)
  eden space 66176K,   0% used [0x00000000c0000000, 0x00000000c0000000, 0x00000000c40a0000)
  from space 8256K, 100% used [0x00000000c48b0000, 0x00000000c50c0000, 0x00000000c50c0000)
  to   space 8256K,   0% used [0x00000000c40a0000, 0x00000000c40a0000, 0x00000000c48b0000)
 tenured generation   total 165324K, used 66573K [0x00000000d5550000, 0x00000000df6c3000, 0x0000000100000000)
   the space 165324K,  40% used [0x00000000d5550000, 0x00000000d96535d8, 0x00000000d9653600, 0x00000000df6c3000)
 Metaspace       used 79050K, capacity 81521K, committed 81880K, reserved 1120256K
  class space    used 11060K, capacity 11361K, committed 11480K, reserved 1048576K
}
Event: 782.661 GC heap before
{Heap before GC invocations=369 (full 16):
 def new generation   total 74432K, used 74432K [0x00000000c0000000, 0x00000000c50c0000, 0x00000000d5550000)
  eden space 66176K, 100% used [0x00000000c0000000, 0x00000000c40a0000, 0x00000000c40a0000)
  from space 8256K, 100% used [0x00000000c48b0000, 0x00000000c50c0000, 0x00000000c50c0000)
  to   space 8256K,   0% used [0x00000000c40a0000, 0x00000000c40a0000, 0x00000000c48b0000)
 tenured generation   total 165324K, used 66573K [0x00000000d5550000, 0x00000000df6c3000, 0x0000000100000000)
   the space 165324K,  40% used [0x00000000d5550000, 0x00000000d96535d8, 0x00000000d9653600, 0x00000000df6c3000)
 Metaspace       used 79050K, capacity 81521K, committed 81880K, reserved 1120256K
  class space    used 11060K, capacity 11361K, committed 11480K, reserved 1048576K
Event: 782.709 GC heap after
Heap after GC invocations=370 (full 16):
 def new generation   total 74432K, used 8256K [0x00000000c0000000, 0x00000000c50c0000, 0x00000000d5550000)
  eden space 66176K,   0% used [0x00000000c0000000, 0x00000000c0000000, 0x00000000c40a0000)
  from space 8256K, 100% used [0x00000000c40a0000, 0x00000000c48b0000, 0x00000000c48b0000)
  to   space 8256K,   0% used [0x00000000c48b0000, 0x00000000c48b0000, 0x00000000c50c0000)
 tenured generation   total 165324K, used 78925K [0x00000000d5550000, 0x00000000df6c3000, 0x0000000100000000)
   the space 165324K,  47% used [0x00000000d5550000, 0x00000000da263490, 0x00000000da263600, 0x00000000df6c3000)
 Metaspace       used 79050K, capacity 81521K, committed 81880K, reserved 1120256K
  class space    used 11060K, capacity 11361K, committed 11480K, reserved 1048576K
}
Event: 782.778 GC heap before
{Heap before GC invocations=370 (full 16):
 def new generation   total 74432K, used 74432K [0x00000000c0000000, 0x00000000c50c0000, 0x00000000d5550000)
  eden space 66176K, 100% used [0x00000000c0000000, 0x00000000c40a0000, 0x00000000c40a0000)
  from space 8256K, 100% used [0x00000000c40a0000, 0x00000000c48b0000, 0x00000000c48b0000)
  to   space 8256K,   0% used [0x00000000c48b0000, 0x00000000c48b0000, 0x00000000c50c0000)
 tenured generation   total 165324K, used 78925K [0x00000000d5550000, 0x00000000df6c3000, 0x0000000100000000)
   the space 165324K,  47% used [0x00000000d5550000, 0x00000000da263490, 0x00000000da263600, 0x00000000df6c3000)
 Metaspace       used 79050K, capacity 81521K, committed 81880K, reserved 1120256K
  class space    used 11060K, capacity 11361K, committed 11480K, reserved 1048576K
Event: 782.896 GC heap after
Heap after GC invocations=371 (full 16):
 def new generation   total 74432K, used 8256K [0x00000000c0000000, 0x00000000c50c0000, 0x00000000d5550000)
  eden space 66176K,   0% used [0x00000000c0000000, 0x00000000c0000000, 0x00000000c40a0000)
  from space 8256K, 100% used [0x00000000c48b0000, 0x00000000c50c0000, 0x00000000c50c0000)
  to   space 8256K,   0% used [0x00000000c40a0000, 0x00000000c40a0000, 0x00000000c48b0000)
 tenured generation   total 165324K, used 143991K [0x00000000d5550000, 0x00000000df6c3000, 0x0000000100000000)
   the space 165324K,  87% used [0x00000000d5550000, 0x00000000de1ede88, 0x00000000de1ee000, 0x00000000df6c3000)
 Metaspace       used 79050K, capacity 81521K, committed 81880K, reserved 1120256K
  class space    used 11060K, capacity 11361K, committed 11480K, reserved 1048576K
}
Event: 783.190 GC heap before
{Heap before GC invocations=371 (full 16):
 def new generation   total 74432K, used 74432K [0x00000000c0000000, 0x00000000c50c0000, 0x00000000d5550000)
  eden space 66176K, 100% used [0x00000000c0000000, 0x00000000c40a0000, 0x00000000c40a0000)
  from space 8256K, 100% used [0x00000000c48b0000, 0x00000000c50c0000, 0x00000000c50c0000)
  to   space 8256K,   0% used [0x00000000c40a0000, 0x00000000c40a0000, 0x00000000c48b0000)
 tenured generation   total 165324K, used 143991K [0x00000000d5550000, 0x00000000df6c3000, 0x0000000100000000)
   the space 165324K,  87% used [0x00000000d5550000, 0x00000000de1ede88, 0x00000000de1ee000, 0x00000000df6c3000)
 Metaspace       used 79050K, capacity 81521K, committed 81880K, reserved 1120256K
  class space    used 11060K, capacity 11361K, committed 11480K, reserved 1048576K

