# JRE version: OpenJDK Runtime Environment (8.0_222-b10) (build 1.8.0_222-8u222-b10-1ubuntu1~16.04.1-b10)
# Java VM: OpenJDK 64-Bit Server VM (25.222-b10 mixed mode linux-amd64 compressed oops)
Heap:
 def new generation   total 105280K, used 94597K [0x00000000c0000000, 0x00000000c7230000, 0x00000000d5550000)
  eden space 93632K,  98% used [0x00000000c0000000, 0x00000000c59f6ef8, 0x00000000c5b70000)
  from space 11648K,  21% used [0x00000000c66d0000, 0x00000000c693a6d8, 0x00000000c7230000)
  to   space 11648K,  18% used [0x00000000c5b70000, 0x00000000c5d969d0, 0x00000000c66d0000)
 tenured generation   total 233788K, used 222077K [0x00000000d5550000, 0x00000000e399f000, 0x0000000100000000)
   the space 233788K,  94% used [0x00000000d5550000, 0x00000000e2e2f678, 0x00000000e2e2f800, 0x00000000e399f000)
 Metaspace       used 92158K, capacity 94983K, committed 99160K, reserved 1134592K
  class space    used 11970K, capacity 12401K, committed 13144K, reserved 1048576K
GC Heap History (10 events):
Event: 2053.402 GC heap after
Heap after GC invocations=1486 (full 18):
 def new generation   total 105280K, used 2945K [0x00000000c0000000, 0x00000000c7230000, 0x00000000d5550000)
  eden space 93632K,   0% used [0x00000000c0000000, 0x00000000c0000000, 0x00000000c5b70000)
  from space 11648K,  25% used [0x00000000c66d0000, 0x00000000c69b0648, 0x00000000c7230000)
  to   space 11648K,   0% used [0x00000000c5b70000, 0x00000000c5b70000, 0x00000000c66d0000)
 tenured generation   total 233788K, used 205360K [0x00000000d5550000, 0x00000000e399f000, 0x0000000100000000)
   the space 233788K,  87% used [0x00000000d5550000, 0x00000000e1ddc010, 0x00000000e1ddc200, 0x00000000e399f000)
 Metaspace       used 92109K, capacity 94917K, committed 99160K, reserved 1134592K
  class space    used 11964K, capacity 12390K, committed 13144K, reserved 1048576K
}
Event: 2064.144 GC heap before
{Heap before GC invocations=1486 (full 18):
 def new generation   total 105280K, used 96577K [0x00000000c0000000, 0x00000000c7230000, 0x00000000d5550000)
  eden space 93632K, 100% used [0x00000000c0000000, 0x00000000c5b70000, 0x00000000c5b70000)
  from space 11648K,  25% used [0x00000000c66d0000, 0x00000000c69b0648, 0x00000000c7230000)
  to   space 11648K,   0% used [0x00000000c5b70000, 0x00000000c5b70000, 0x00000000c66d0000)
 tenured generation   total 233788K, used 205360K [0x00000000d5550000, 0x00000000e399f000, 0x0000000100000000)
   the space 233788K,  87% used [0x00000000d5550000, 0x00000000e1ddc010, 0x00000000e1ddc200, 0x00000000e399f000)
 Metaspace       used 92128K, capacity 94935K, committed 99160K, reserved 1134592K
  class space    used 11966K, capacity 12393K, committed 13144K, reserved 1048576K
Event: 2064.218 GC heap after
Heap after GC invocations=1487 (full 18):
 def new generation   total 105280K, used 2984K [0x00000000c0000000, 0x00000000c7230000, 0x00000000d5550000)
  eden space 93632K,   0% used [0x00000000c0000000, 0x00000000c0000000, 0x00000000c5b70000)
  from space 11648K,  25% used [0x00000000c5b70000, 0x00000000c5e5a328, 0x00000000c66d0000)
  to   space 11648K,   0% used [0x00000000c66d0000, 0x00000000c66d0000, 0x00000000c7230000)
 tenured generation   total 233788K, used 205485K [0x00000000d5550000, 0x00000000e399f000, 0x0000000100000000)
   the space 233788K,  87% used [0x00000000d5550000, 0x00000000e1dfb5b0, 0x00000000e1dfb600, 0x00000000e399f000)
 Metaspace       used 92128K, capacity 94935K, committed 99160K, reserved 1134592K
  class space    used 11966K, capacity 12393K, committed 13144K, reserved 1048576K
}
Event: 2067.196 GC heap before
{Heap before GC invocations=1487 (full 18):
 def new generation   total 105280K, used 96616K [0x00000000c0000000, 0x00000000c7230000, 0x00000000d5550000)
  eden space 93632K, 100% used [0x00000000c0000000, 0x00000000c5b70000, 0x00000000c5b70000)
  from space 11648K,  25% used [0x00000000c5b70000, 0x00000000c5e5a328, 0x00000000c66d0000)
  to   space 11648K,   0% used [0x00000000c66d0000, 0x00000000c66d0000, 0x00000000c7230000)
 tenured generation   total 233788K, used 205485K [0x00000000d5550000, 0x00000000e399f000, 0x0000000100000000)
   the space 233788K,  87% used [0x00000000d5550000, 0x00000000e1dfb5b0, 0x00000000e1dfb600, 0x00000000e399f000)
 Metaspace       used 92135K, capacity 94947K, committed 99160K, reserved 1134592K
  class space    used 11967K, capacity 12395K, committed 13144K, reserved 1048576K
Event: 2067.217 GC heap after
Heap after GC invocations=1488 (full 18):
 def new generation   total 105280K, used 2012K [0x00000000c0000000, 0x00000000c7230000, 0x00000000d5550000)
  eden space 93632K,   0% used [0x00000000c0000000, 0x00000000c0000000, 0x00000000c5b70000)
  from space 11648K,  17% used [0x00000000c66d0000, 0x00000000c68c7388, 0x00000000c7230000)
  to   space 11648K,   0% used [0x00000000c5b70000, 0x00000000c5b70000, 0x00000000c66d0000)
 tenured generation   total 233788K, used 205544K [0x00000000d5550000, 0x00000000e399f000, 0x0000000100000000)
   the space 233788K,  87% used [0x00000000d5550000, 0x00000000e1e0a088, 0x00000000e1e0a200, 0x00000000e399f000)
 Metaspace       used 92135K, capacity 94947K, committed 99160K, reserved 1134592K
  class space    used 11967K, capacity 12395K, committed 13144K, reserved 1048576K
}
Event: 2069.203 GC heap before
{Heap before GC invocations=1488 (full 18):
 def new generation   total 105280K, used 95644K [0x00000000c0000000, 0x00000000c7230000, 0x00000000d5550000)
  eden space 93632K, 100% used [0x00000000c0000000, 0x00000000c5b70000, 0x00000000c5b70000)
  from space 11648K,  17% used [0x00000000c66d0000, 0x00000000c68c7388, 0x00000000c7230000)
  to   space 11648K,   0% used [0x00000000c5b70000, 0x00000000c5b70000, 0x00000000c66d0000)
 tenured generation   total 233788K, used 205544K [0x00000000d5550000, 0x00000000e399f000, 0x0000000100000000)
   the space 233788K,  87% used [0x00000000d5550000, 0x00000000e1e0a088, 0x00000000e1e0a200, 0x00000000e399f000)
 Metaspace       used 92143K, capacity 94959K, committed 99160K, reserved 1134592K
  class space    used 11968K, capacity 12397K, committed 13144K, reserved 1048576K
Event: 2069.280 GC heap after
Heap after GC invocations=1489 (full 18):
 def new generation   total 105280K, used 2255K [0x00000000c0000000, 0x00000000c7230000, 0x00000000d5550000)
  eden space 93632K,   0% used [0x00000000c0000000, 0x00000000c0000000, 0x00000000c5b70000)
  from space 11648K,  19% used [0x00000000c5b70000, 0x00000000c5da3fd8, 0x00000000c66d0000)
  to   space 11648K,   0% used [0x00000000c66d0000, 0x00000000c66d0000, 0x00000000c7230000)
 tenured generation   total 233788K, used 222013K [0x00000000d5550000, 0x00000000e399f000, 0x0000000100000000)
   the space 233788K,  94% used [0x00000000d5550000, 0x00000000e2e1f7a8, 0x00000000e2e1f800, 0x00000000e399f000)
 Metaspace       used 92143K, capacity 94959K, committed 99160K, reserved 1134592K
  class space    used 11968K, capacity 12397K, committed 13144K, reserved 1048576K
}
Event: 2071.519 GC heap before
{Heap before GC invocations=1489 (full 18):
 def new generation   total 105280K, used 88833K [0x00000000c0000000, 0x00000000c7230000, 0x00000000d5550000)
  eden space 93632K,  92% used [0x00000000c0000000, 0x00000000c548c518, 0x00000000c5b70000)
  from space 11648K,  19% used [0x00000000c5b70000, 0x00000000c5da3fd8, 0x00000000c66d0000)
  to   space 11648K,   0% used [0x00000000c66d0000, 0x00000000c66d0000, 0x00000000c7230000)
 tenured generation   total 233788K, used 222013K [0x00000000d5550000, 0x00000000e399f000, 0x0000000100000000)
   the space 233788K,  94% used [0x00000000d5550000, 0x00000000e2e1f7a8, 0x00000000e2e1f800, 0x00000000e399f000)
 Metaspace       used 92147K, capacity 94965K, committed 99160K, reserved 1134592K
  class space    used 11969K, capacity 12398K, committed 13144K, reserved 1048576K
Event: 2071.554 GC heap after
Heap after GC invocations=1490 (full 18):
 def new generation   total 105280K, used 2473K [0x00000000c0000000, 0x00000000c7230000, 0x00000000d5550000)
  eden space 93632K,   0% used [0x00000000c0000000, 0x00000000c0000000, 0x00000000c5b70000)
  from space 11648K,  21% used [0x00000000c66d0000, 0x00000000c693a6d8, 0x00000000c7230000)
  to   space 11648K,   0% used [0x00000000c5b70000, 0x00000000c5b70000, 0x00000000c66d0000)
 tenured generation   total 233788K, used 222067K [0x00000000d5550000, 0x00000000e399f000, 0x0000000100000000)
   the space 233788K,  94% used [0x00000000d5550000, 0x00000000e2e2cdc0, 0x00000000e2e2ce00, 0x00000000e399f000)
 Metaspace       used 92147K, capacity 94965K, committed 99160K, reserved 1134592K
  class space    used 11969K, capacity 12398K, committed 13144K, reserved 1048576K
}
Event: 2075.600 GC heap before
{Heap before GC invocations=1490 (full 18):
 def new generation   total 105280K, used 94597K [0x00000000c0000000, 0x00000000c7230000, 0x00000000d5550000)
  eden space 93632K,  98% used [0x00000000c0000000, 0x00000000c59f6ef8, 0x00000000c5b70000)
  from space 11648K,  21% used [0x00000000c66d0000, 0x00000000c693a6d8, 0x00000000c7230000)
  to   space 11648K,   0% used [0x00000000c5b70000, 0x00000000c5b70000, 0x00000000c66d0000)
 tenured generation   total 233788K, used 222067K [0x00000000d5550000, 0x00000000e399f000, 0x0000000100000000)
   the space 233788K,  94% used [0x00000000d5550000, 0x00000000e2e2cdc0, 0x00000000e2e2ce00, 0x00000000e399f000)
 Metaspace       used 92158K, capacity 94983K, committed 99160K, reserved 1134592K
  class space    used 11970K, capacity 12401K, committed 13144K, reserved 1048576K

