# JRE version: OpenJDK Runtime Environment (8.0_222-b10) (build 1.8.0_222-8u222-b10-1ubuntu1~16.04.1-b10)
# Java VM: OpenJDK 64-Bit Server VM (25.222-b10 mixed mode linux-amd64 compressed oops)
Heap:
 def new generation   total 84288K, used 0K [0x00000000c0000000, 0x00000000c5b70000, 0x00000000d5550000)
  eden space 74944K,   0% used [0x00000000c0000000, 0x00000000c0000000, 0x00000000c4930000)
  from space 9344K,   0% used [0x00000000c4930000, 0x00000000c4930000, 0x00000000c5250000)
  to   space 9344K,   0% used [0x00000000c5250000, 0x00000000c5250000, 0x00000000c5b70000)
 tenured generation   total 203500K, used 165535K [0x00000000d5550000, 0x00000000e1c0b000, 0x0000000100000000)
   the space 203500K,  81% used [0x00000000d5550000, 0x00000000df6f7e10, 0x00000000df6f8000, 0x00000000e1c0b000)
 Metaspace       used 92679K, capacity 95683K, committed 103896K, reserved 1138688K
  class space    used 11983K, capacity 12455K, committed 13784K, reserved 1048576K
GC Heap History (10 events):
Event: 851.765 GC heap after
Heap after GC invocations=1539 (full 16):
 def new generation   total 84288K, used 797K [0x00000000c0000000, 0x00000000c5b70000, 0x00000000d5550000)
  eden space 74944K,   0% used [0x00000000c0000000, 0x00000000c0000000, 0x00000000c4930000)
  from space 9344K,   8% used [0x00000000c5250000, 0x00000000c53177f8, 0x00000000c5b70000)
  to   space 9344K,   0% used [0x00000000c4930000, 0x00000000c4930000, 0x00000000c5250000)
 tenured generation   total 187112K, used 130273K [0x00000000d5550000, 0x00000000e0c0a000, 0x0000000100000000)
   the space 187112K,  69% used [0x00000000d5550000, 0x00000000dd488768, 0x00000000dd488800, 0x00000000e0c0a000)
 Metaspace       used 92643K, capacity 95629K, committed 103896K, reserved 1138688K
  class space    used 11979K, capacity 12446K, committed 13784K, reserved 1048576K
}
Event: 851.862 GC heap before
{Heap before GC invocations=1539 (full 16):
 def new generation   total 84288K, used 75375K [0x00000000c0000000, 0x00000000c5b70000, 0x00000000d5550000)
  eden space 74944K,  99% used [0x00000000c0000000, 0x00000000c48d4498, 0x00000000c4930000)
  from space 9344K,   8% used [0x00000000c5250000, 0x00000000c53177f8, 0x00000000c5b70000)
  to   space 9344K,   0% used [0x00000000c4930000, 0x00000000c4930000, 0x00000000c5250000)
 tenured generation   total 187112K, used 130273K [0x00000000d5550000, 0x00000000e0c0a000, 0x0000000100000000)
   the space 187112K,  69% used [0x00000000d5550000, 0x00000000dd488768, 0x00000000dd488800, 0x00000000e0c0a000)
 Metaspace       used 92647K, capacity 95635K, committed 103896K, reserved 1138688K
  class space    used 11979K, capacity 12447K, committed 13784K, reserved 1048576K
Event: 851.870 GC heap after
Heap after GC invocations=1540 (full 16):
 def new generation   total 84288K, used 1242K [0x00000000c0000000, 0x00000000c5b70000, 0x00000000d5550000)
  eden space 74944K,   0% used [0x00000000c0000000, 0x00000000c0000000, 0x00000000c4930000)
  from space 9344K,  13% used [0x00000000c4930000, 0x00000000c4a66918, 0x00000000c5250000)
  to   space 9344K,   0% used [0x00000000c5250000, 0x00000000c5250000, 0x00000000c5b70000)
 tenured generation   total 187112K, used 146657K [0x00000000d5550000, 0x00000000e0c0a000, 0x0000000100000000)
   the space 187112K,  78% used [0x00000000d5550000, 0x00000000de488778, 0x00000000de488800, 0x00000000e0c0a000)
 Metaspace       used 92647K, capacity 95635K, committed 103896K, reserved 1138688K
  class space    used 11979K, capacity 12447K, committed 13784K, reserved 1048576K
}
Event: 852.116 GC heap before
{Heap before GC invocations=1540 (full 16):
 def new generation   total 84288K, used 72508K [0x00000000c0000000, 0x00000000c5b70000, 0x00000000d5550000)
  eden space 74944K,  95% used [0x00000000c0000000, 0x00000000c4598a18, 0x00000000c4930000)
  from space 9344K,  13% used [0x00000000c4930000, 0x00000000c4a66918, 0x00000000c5250000)
  to   space 9344K,   0% used [0x00000000c5250000, 0x00000000c5250000, 0x00000000c5b70000)
 tenured generation   total 187112K, used 146657K [0x00000000d5550000, 0x00000000e0c0a000, 0x0000000100000000)
   the space 187112K,  78% used [0x00000000d5550000, 0x00000000de488778, 0x00000000de488800, 0x00000000e0c0a000)
 Metaspace       used 92658K, capacity 95653K, committed 103896K, reserved 1138688K
  class space    used 11981K, capacity 12450K, committed 13784K, reserved 1048576K
Event: 852.124 GC heap after
Heap after GC invocations=1541 (full 16):
 def new generation   total 84288K, used 1889K [0x00000000c0000000, 0x00000000c5b70000, 0x00000000d5550000)
  eden space 74944K,   0% used [0x00000000c0000000, 0x00000000c0000000, 0x00000000c4930000)
  from space 9344K,  20% used [0x00000000c5250000, 0x00000000c5428678, 0x00000000c5b70000)
  to   space 9344K,   0% used [0x00000000c4930000, 0x00000000c4930000, 0x00000000c5250000)
 tenured generation   total 187112K, used 163041K [0x00000000d5550000, 0x00000000e0c0a000, 0x0000000100000000)
   the space 187112K,  87% used [0x00000000d5550000, 0x00000000df488788, 0x00000000df488800, 0x00000000e0c0a000)
 Metaspace       used 92658K, capacity 95653K, committed 103896K, reserved 1138688K
  class space    used 11981K, capacity 12450K, committed 13784K, reserved 1048576K
}
Event: 852.283 GC heap before
{Heap before GC invocations=1541 (full 16):
 def new generation   total 84288K, used 75049K [0x00000000c0000000, 0x00000000c5b70000, 0x00000000d5550000)
  eden space 74944K,  97% used [0x00000000c0000000, 0x00000000c4772068, 0x00000000c4930000)
  from space 9344K,  20% used [0x00000000c5250000, 0x00000000c5428678, 0x00000000c5b70000)
  to   space 9344K,   0% used [0x00000000c4930000, 0x00000000c4930000, 0x00000000c5250000)
 tenured generation   total 187112K, used 163041K [0x00000000d5550000, 0x00000000e0c0a000, 0x0000000100000000)
   the space 187112K,  87% used [0x00000000d5550000, 0x00000000df488788, 0x00000000df488800, 0x00000000e0c0a000)
 Metaspace       used 92665K, capacity 95665K, committed 103896K, reserved 1138688K
  class space    used 11982K, capacity 12452K, committed 13784K, reserved 1048576K
Event: 852.291 GC heap after
Heap after GC invocations=1542 (full 16):
 def new generation   total 84288K, used 2114K [0x00000000c0000000, 0x00000000c5b70000, 0x00000000d5550000)
  eden space 74944K,   0% used [0x00000000c0000000, 0x00000000c0000000, 0x00000000c4930000)
  from space 9344K,  22% used [0x00000000c4930000, 0x00000000c4b40840, 0x00000000c5250000)
  to   space 9344K,   0% used [0x00000000c5250000, 0x00000000c5250000, 0x00000000c5b70000)
 tenured generation   total 187112K, used 179425K [0x00000000d5550000, 0x00000000e0c0a000, 0x0000000100000000)
   the space 187112K,  95% used [0x00000000d5550000, 0x00000000e0488798, 0x00000000e0488800, 0x00000000e0c0a000)
 Metaspace       used 92665K, capacity 95665K, committed 103896K, reserved 1138688K
  class space    used 11982K, capacity 12452K, committed 13784K, reserved 1048576K
}
Event: 852.403 GC heap before
{Heap before GC invocations=1542 (full 16):
 def new generation   total 84288K, used 77058K [0x00000000c0000000, 0x00000000c5b70000, 0x00000000d5550000)
  eden space 74944K, 100% used [0x00000000c0000000, 0x00000000c4930000, 0x00000000c4930000)
  from space 9344K,  22% used [0x00000000c4930000, 0x00000000c4b40840, 0x00000000c5250000)
  to   space 9344K,   0% used [0x00000000c5250000, 0x00000000c5250000, 0x00000000c5b70000)
 tenured generation   total 187112K, used 179425K [0x00000000d5550000, 0x00000000e0c0a000, 0x0000000100000000)
   the space 187112K,  95% used [0x00000000d5550000, 0x00000000e0488798, 0x00000000e0488800, 0x00000000e0c0a000)
 Metaspace       used 92673K, capacity 95677K, committed 103896K, reserved 1138688K
  class space    used 11983K, capacity 12454K, committed 13784K, reserved 1048576K
Event: 852.408 GC heap after
Heap after GC invocations=1543 (full 16):
 def new generation   total 84288K, used 2551K [0x00000000c0000000, 0x00000000c5b70000, 0x00000000d5550000)
  eden space 74944K,   0% used [0x00000000c0000000, 0x00000000c0000000, 0x00000000c4930000)
  from space 9344K,  27% used [0x00000000c5250000, 0x00000000c54cdd20, 0x00000000c5b70000)
  to   space 9344K,   0% used [0x00000000c4930000, 0x00000000c4930000, 0x00000000c5250000)
 tenured generation   total 187112K, used 179425K [0x00000000d5550000, 0x00000000e0c0a000, 0x0000000100000000)
   the space 187112K,  95% used [0x00000000d5550000, 0x00000000e0488798, 0x00000000e0488800, 0x00000000e0c0a000)
 Metaspace       used 92673K, capacity 95677K, committed 103896K, reserved 1138688K
  class space    used 11983K, capacity 12454K, committed 13784K, reserved 1048576K
}
Event: 852.688 GC heap before
{Heap before GC invocations=1543 (full 16):
 def new generation   total 84288K, used 77477K [0x00000000c0000000, 0x00000000c5b70000, 0x00000000d5550000)
  eden space 74944K,  99% used [0x00000000c0000000, 0x00000000c492bad8, 0x00000000c4930000)
  from space 9344K,  27% used [0x00000000c5250000, 0x00000000c54cdd20, 0x00000000c5b70000)
  to   space 9344K,   0% used [0x00000000c4930000, 0x00000000c4930000, 0x00000000c5250000)
 tenured generation   total 187112K, used 179425K [0x00000000d5550000, 0x00000000e0c0a000, 0x0000000100000000)
   the space 187112K,  95% used [0x00000000d5550000, 0x00000000e0488798, 0x00000000e0488800, 0x00000000e0c0a000)
 Metaspace       used 92679K, capacity 95683K, committed 103896K, reserved 1138688K
  class space    used 11983K, capacity 12455K, committed 13784K, reserved 1048576K

