# JRE version: OpenJDK Runtime Environment (8.0_222-b10) (build 1.8.0_222-8u222-b10-1ubuntu1~16.04.1-b10)
# Java VM: OpenJDK 64-Bit Server VM (25.222-b10 mixed mode linux-amd64 compressed oops)
Heap:
 def new generation   total 107712K, used 0K [0x00000000c0000000, 0x00000000c74d0000, 0x00000000d5550000)
  eden space 95808K,   0% used [0x00000000c0000000, 0x00000000c0000000, 0x00000000c5d90000)
  from space 11904K,   0% used [0x00000000c6930000, 0x00000000c6930000, 0x00000000c74d0000)
  to   space 11904K,   0% used [0x00000000c5d90000, 0x00000000c5d90000, 0x00000000c6930000)
 tenured generation   total 255528K, used 160986K [0x00000000d5550000, 0x00000000e4eda000, 0x0000000100000000)
   the space 255528K,  63% used [0x00000000d5550000, 0x00000000df2869f8, 0x00000000df286a00, 0x00000000e4eda000)
 Metaspace       used 91481K, capacity 94135K, committed 97624K, reserved 1134592K
  class space    used 11905K, capacity 12310K, committed 12888K, reserved 1048576K
GC Heap History (10 events):
Event: 1025.857 GC heap after
Heap after GC invocations=1670 (full 17):
 def new generation   total 107712K, used 6558K [0x00000000c0000000, 0x00000000c74d0000, 0x00000000d5550000)
  eden space 95808K,   0% used [0x00000000c0000000, 0x00000000c0000000, 0x00000000c5d90000)
  from space 11904K,  55% used [0x00000000c5d90000, 0x00000000c63f7b60, 0x00000000c6930000)
  to   space 11904K,   0% used [0x00000000c6930000, 0x00000000c6930000, 0x00000000c74d0000)
 tenured generation   total 239140K, used 192634K [0x00000000d5550000, 0x00000000e3ed9000, 0x0000000100000000)
   the space 239140K,  80% used [0x00000000d5550000, 0x00000000e116e9c0, 0x00000000e116ea00, 0x00000000e3ed9000)
 Metaspace       used 91432K, capacity 94057K, committed 97624K, reserved 1134592K
  class space    used 11898K, capacity 12297K, committed 12888K, reserved 1048576K
}
Event: 1026.026 GC heap before
{Heap before GC invocations=1670 (full 17):
 def new generation   total 107712K, used 100963K [0x00000000c0000000, 0x00000000c74d0000, 0x00000000d5550000)
  eden space 95808K,  98% used [0x00000000c0000000, 0x00000000c5c312c0, 0x00000000c5d90000)
  from space 11904K,  55% used [0x00000000c5d90000, 0x00000000c63f7b60, 0x00000000c6930000)
  to   space 11904K,   0% used [0x00000000c6930000, 0x00000000c6930000, 0x00000000c74d0000)
 tenured generation   total 239140K, used 192634K [0x00000000d5550000, 0x00000000e3ed9000, 0x0000000100000000)
   the space 239140K,  80% used [0x00000000d5550000, 0x00000000e116e9c0, 0x00000000e116ea00, 0x00000000e3ed9000)
 Metaspace       used 91444K, capacity 94075K, committed 97624K, reserved 1134592K
  class space    used 11900K, capacity 12300K, committed 12888K, reserved 1048576K
Event: 1026.044 GC heap after
Heap after GC invocations=1671 (full 17):
 def new generation   total 107712K, used 2287K [0x00000000c0000000, 0x00000000c74d0000, 0x00000000d5550000)
  eden space 95808K,   0% used [0x00000000c0000000, 0x00000000c0000000, 0x00000000c5d90000)
  from space 11904K,  19% used [0x00000000c6930000, 0x00000000c6b6bd58, 0x00000000c74d0000)
  to   space 11904K,   0% used [0x00000000c5d90000, 0x00000000c5d90000, 0x00000000c6930000)
 tenured generation   total 239140K, used 213655K [0x00000000d5550000, 0x00000000e3ed9000, 0x0000000100000000)
   the space 239140K,  89% used [0x00000000d5550000, 0x00000000e25f5ff8, 0x00000000e25f6000, 0x00000000e3ed9000)
 Metaspace       used 91444K, capacity 94075K, committed 97624K, reserved 1134592K
  class space    used 11900K, capacity 12300K, committed 12888K, reserved 1048576K
}
Event: 1026.131 GC heap before
{Heap before GC invocations=1671 (full 17):
 def new generation   total 107712K, used 96106K [0x00000000c0000000, 0x00000000c74d0000, 0x00000000d5550000)
  eden space 95808K,  97% used [0x00000000c0000000, 0x00000000c5b9eb98, 0x00000000c5d90000)
  from space 11904K,  19% used [0x00000000c6930000, 0x00000000c6b6bd58, 0x00000000c74d0000)
  to   space 11904K,   0% used [0x00000000c5d90000, 0x00000000c5d90000, 0x00000000c6930000)
 tenured generation   total 239140K, used 213655K [0x00000000d5550000, 0x00000000e3ed9000, 0x0000000100000000)
   the space 239140K,  89% used [0x00000000d5550000, 0x00000000e25f5ff8, 0x00000000e25f6000, 0x00000000e3ed9000)
 Metaspace       used 91458K, capacity 94099K, committed 97624K, reserved 1134592K
  class space    used 11902K, capacity 12304K, committed 12888K, reserved 1048576K
Event: 1026.136 GC heap after
Heap after GC invocations=1672 (full 17):
 def new generation   total 107712K, used 2733K [0x00000000c0000000, 0x00000000c74d0000, 0x00000000d5550000)
  eden space 95808K,   0% used [0x00000000c0000000, 0x00000000c0000000, 0x00000000c5d90000)
  from space 11904K,  22% used [0x00000000c5d90000, 0x00000000c603b680, 0x00000000c6930000)
  to   space 11904K,   0% used [0x00000000c6930000, 0x00000000c6930000, 0x00000000c74d0000)
 tenured generation   total 239140K, used 213655K [0x00000000d5550000, 0x00000000e3ed9000, 0x0000000100000000)
   the space 239140K,  89% used [0x00000000d5550000, 0x00000000e25f5ff8, 0x00000000e25f6000, 0x00000000e3ed9000)
 Metaspace       used 91458K, capacity 94099K, committed 97624K, reserved 1134592K
  class space    used 11902K, capacity 12304K, committed 12888K, reserved 1048576K
}
Event: 1026.272 GC heap before
{Heap before GC invocations=1672 (full 17):
 def new generation   total 107712K, used 98541K [0x00000000c0000000, 0x00000000c74d0000, 0x00000000d5550000)
  eden space 95808K, 100% used [0x00000000c0000000, 0x00000000c5d90000, 0x00000000c5d90000)
  from space 11904K,  22% used [0x00000000c5d90000, 0x00000000c603b680, 0x00000000c6930000)
  to   space 11904K,   0% used [0x00000000c6930000, 0x00000000c6930000, 0x00000000c74d0000)
 tenured generation   total 239140K, used 213655K [0x00000000d5550000, 0x00000000e3ed9000, 0x0000000100000000)
   the space 239140K,  89% used [0x00000000d5550000, 0x00000000e25f5ff8, 0x00000000e25f6000, 0x00000000e3ed9000)
 Metaspace       used 91462K, capacity 94105K, committed 97624K, reserved 1134592K
  class space    used 11903K, capacity 12305K, committed 12888K, reserved 1048576K
Event: 1026.276 GC heap after
Heap after GC invocations=1673 (full 17):
 def new generation   total 107712K, used 1985K [0x00000000c0000000, 0x00000000c74d0000, 0x00000000d5550000)
  eden space 95808K,   0% used [0x00000000c0000000, 0x00000000c0000000, 0x00000000c5d90000)
  from space 11904K,  16% used [0x00000000c6930000, 0x00000000c6b20558, 0x00000000c74d0000)
  to   space 11904K,   0% used [0x00000000c5d90000, 0x00000000c5d90000, 0x00000000c6930000)
 tenured generation   total 239140K, used 213655K [0x00000000d5550000, 0x00000000e3ed9000, 0x0000000100000000)
   the space 239140K,  89% used [0x00000000d5550000, 0x00000000e25f5ff8, 0x00000000e25f6000, 0x00000000e3ed9000)
 Metaspace       used 91462K, capacity 94105K, committed 97624K, reserved 1134592K
  class space    used 11903K, capacity 12305K, committed 12888K, reserved 1048576K
}
Event: 1026.461 GC heap before
{Heap before GC invocations=1673 (full 17):
 def new generation   total 107712K, used 97793K [0x00000000c0000000, 0x00000000c74d0000, 0x00000000d5550000)
  eden space 95808K, 100% used [0x00000000c0000000, 0x00000000c5d90000, 0x00000000c5d90000)
  from space 11904K,  16% used [0x00000000c6930000, 0x00000000c6b20558, 0x00000000c74d0000)
  to   space 11904K,   0% used [0x00000000c5d90000, 0x00000000c5d90000, 0x00000000c6930000)
 tenured generation   total 239140K, used 213655K [0x00000000d5550000, 0x00000000e3ed9000, 0x0000000100000000)
   the space 239140K,  89% used [0x00000000d5550000, 0x00000000e25f5ff8, 0x00000000e25f6000, 0x00000000e3ed9000)
 Metaspace       used 91470K, capacity 94117K, committed 97624K, reserved 1134592K
  class space    used 11904K, capacity 12307K, committed 12888K, reserved 1048576K
Event: 1026.529 GC heap after
Heap after GC invocations=1674 (full 17):
 def new generation   total 107712K, used 1971K [0x00000000c0000000, 0x00000000c74d0000, 0x00000000d5550000)
  eden space 95808K,   0% used [0x00000000c0000000, 0x00000000c0000000, 0x00000000c5d90000)
  from space 11904K,  16% used [0x00000000c5d90000, 0x00000000c5f7ce28, 0x00000000c6930000)
  to   space 11904K,   0% used [0x00000000c6930000, 0x00000000c6930000, 0x00000000c74d0000)
 tenured generation   total 239140K, used 230040K [0x00000000d5550000, 0x00000000e3ed9000, 0x0000000100000000)
   the space 239140K,  96% used [0x00000000d5550000, 0x00000000e35f6008, 0x00000000e35f6200, 0x00000000e3ed9000)
 Metaspace       used 91470K, capacity 94117K, committed 97624K, reserved 1134592K
  class space    used 11904K, capacity 12307K, committed 12888K, reserved 1048576K
}
Event: 1026.750 GC heap before
{Heap before GC invocations=1674 (full 17):
 def new generation   total 107712K, used 96922K [0x00000000c0000000, 0x00000000c74d0000, 0x00000000d5550000)
  eden space 95808K,  99% used [0x00000000c0000000, 0x00000000c5cb9bf0, 0x00000000c5d90000)
  from space 11904K,  16% used [0x00000000c5d90000, 0x00000000c5f7ce28, 0x00000000c6930000)
  to   space 11904K,   0% used [0x00000000c6930000, 0x00000000c6930000, 0x00000000c74d0000)
 tenured generation   total 239140K, used 230040K [0x00000000d5550000, 0x00000000e3ed9000, 0x0000000100000000)
   the space 239140K,  96% used [0x00000000d5550000, 0x00000000e35f6008, 0x00000000e35f6200, 0x00000000e3ed9000)
 Metaspace       used 91481K, capacity 94135K, committed 97624K, reserved 1134592K
  class space    used 11905K, capacity 12310K, committed 12888K, reserved 1048576K

